<!DOCTYPE html PUBLIC "-//W3C//DTD XHTML 1.1//EN" "http://www.w3.org/TR/xhtml11/DTD/xhtml11.dtd">
<html xmlns="http://www.w3.org/1999/xhtml"><head><title>TestNG Report</title><style type="text/css">table {margin-bottom:10px;border-collapse:collapse;empty-cells:show}th,td {border:1px solid #009;padding:.25em .5em}th {vertical-align:bottom}td {vertical-align:top}table a {font-weight:bold}.stripe td {background-color: #E6EBF9}.num {text-align:right}.passedodd td {background-color: #3F3}.passedeven td {background-color: #0A0}.skippedodd td {background-color: #DDD}.skippedeven td {background-color: #CCC}.failedodd td,.attn {background-color: #F33}.failedeven td,.stripe .attn {background-color: #D00}.stacktrace {white-space:pre;font-family:monospace}.totop {font-size:85%;text-align:center;border-bottom:2px solid #000}</style></head><body><table><tr><th>Test</th><th># Passed</th><th># Skipped</th><th># Failed</th><th>Time (ms)</th><th>Included Groups</th><th>Excluded Groups</th></tr><tr><th colspan="7">Sample Test Suite</th></tr><tr><td><a href="#t0">Sample Test Cases</a></td><td class="num">0</td><td class="num">0</td><td class="num attn">2</td><td class="num">51,853</td><td></td><td></td></tr></table><table><thead><tr><th>Class</th><th>Method</th><th>Start</th><th>Time (ms)</th></tr></thead><tbody><tr><th colspan="4">Sample Test Suite</th></tr></tbody><tbody id="t0"><tr><th colspan="4">Sample Test Cases &#8212; failed</th></tr><tr class="failedeven"><td rowspan="2">runnerFile.RunnerFile</td><td><a href="#m0">feature</a></td><td rowspan="2">1576502146166</td><td rowspan="2">23814</td></tr><tr class="failedeven"><td><a href="#m1">feature</a></td></tr></tbody></table><h2>Sample Test Cases</h2><h3 id="m0">runnerFile.RunnerFile#feature</h3><table class="result"><tr class="param"><th>Parameter #1</th></tr><tr class="param stripe"><td>Trello Create User Login</td></tr><tr><th>Messages</th></tr><tr><td><div class="messages">Starting Scenario verify signin page&lt;br/&gt;<br/>**************************************************************************************************&lt;br/&gt;<br/>Ending Scenario verify signin page&lt;br/&gt;<br/>**************************************************************************************************&lt;br/&gt;<br/>Starting Scenario Create User and Dashboard&lt;br/&gt;<br/>**************************************************************************************************&lt;br/&gt;<br/>Ending Scenario Create User and Dashboard&lt;br/&gt;<br/>**************************************************************************************************&lt;br/&gt;</div></td></tr><tr><th>Exception</th></tr><tr><td><div class="stacktrace">cucumber.runtime.CucumberException: java.lang.AssertionError
	at cucumber.api.testng.TestNGCucumberRunner.runCucumber(TestNGCucumberRunner.java:69)
	at cucumber.api.testng.AbstractTestNGCucumberTests.feature(AbstractTestNGCucumberTests.java:21)
Caused by: java.lang.AssertionError
	at org.junit.Assert.fail(Assert.java:86)
	at org.junit.Assert.assertTrue(Assert.java:41)
	at org.junit.Assert.assertTrue(Assert.java:52)
	at pageObject.DashBoardPagePO.verifyPage(DashBoardPagePO.java:43)
	at stepDefinition.DashBoardPage.user_is_on_Dashboard_page_with_title(DashBoardPage.java:35)
	at ✽.And User is on Dashboard page with title &quot;Create Your Board | Trello&quot;(TrelloCreateUser.feature:19)
... Removed 27 stack frames</div></td></tr></table><p class="totop"><a href="#summary">back to summary</a></p><h3 id="m1">runnerFile.RunnerFile#feature</h3><table class="result"><tr class="param"><th>Parameter #1</th></tr><tr class="param stripe"><td>Trello Create Dashboard For the first time</td></tr><tr><th>Messages</th></tr><tr><td><div class="messages">Starting Scenario Create DashBoard if there is no dashboards available to the user&lt;br/&gt;<br/>**************************************************************************************************&lt;br/&gt;<br/>Ending Scenario Create DashBoard if there is no dashboards available to the user&lt;br/&gt;<br/>**************************************************************************************************&lt;br/&gt;</div></td></tr><tr><th>Exception</th></tr><tr><td><div class="stacktrace">cucumber.runtime.CucumberException: java.lang.AssertionError
	at cucumber.api.testng.TestNGCucumberRunner.runCucumber(TestNGCucumberRunner.java:69)
	at cucumber.api.testng.AbstractTestNGCucumberTests.feature(AbstractTestNGCucumberTests.java:21)
Caused by: java.lang.AssertionError
	at org.junit.Assert.fail(Assert.java:86)
	at org.junit.Assert.assertTrue(Assert.java:41)
	at org.junit.Assert.assertTrue(Assert.java:52)
	at pageObject.DashBoardPagePO.verifyPage(DashBoardPagePO.java:43)
	at stepDefinition.DashBoardPage.user_is_on_Dashboard_page_with_title(DashBoardPage.java:35)
	at ✽.Given User is on Dashboard page with title &quot;Create Your Board | Trello&quot;(TrelloCreateDashBoard.feature:14)
... Removed 27 stack frames</div></td></tr></table><p class="totop"><a href="#summary">back to summary</a></p></body></html>