<?xml version="1.0" encoding="UTF-8"?>
<!-- Generated by org.testng.reporters.JUnitXMLReporter -->
<testsuite hostname="VinodhBobbasMBP" failures="2" tests="2" name="Sample Test Cases" time="51.853" errors="0" timestamp="16 Dec 2019 13:16:10 GMT">
  <testcase classname="runnerFile.RunnerFile" name="feature" time="27.526">
    <failure type="cucumber.runtime.CucumberException" message="java.lang.AssertionError">
      <![CDATA[cucumber.runtime.CucumberException: java.lang.AssertionError
	at cucumber.api.testng.TestNGCucumberRunner.runCucumber(TestNGCucumberRunner.java:69)
	at cucumber.api.testng.AbstractTestNGCucumberTests.feature(AbstractTestNGCucumberTests.java:21)
Caused by: java.lang.AssertionError
	at org.junit.Assert.fail(Assert.java:86)
	at org.junit.Assert.assertTrue(Assert.java:41)
	at org.junit.Assert.assertTrue(Assert.java:52)
	at pageObject.DashBoardPagePO.verifyPage(DashBoardPagePO.java:43)
	at stepDefinition.DashBoardPage.user_is_on_Dashboard_page_with_title(DashBoardPage.java:35)
	at ✽.Given User is on Dashboard page with title "Create Your Board | Trello"(TrelloCreateDashBoard.feature:14)
... Removed 27 stack frames]]>
    </failure>
  </testcase> <!-- feature -->
  <testcase classname="runnerFile.RunnerFile" name="feature" time="23.814">
    <failure type="cucumber.runtime.CucumberException" message="java.lang.AssertionError">
      <![CDATA[cucumber.runtime.CucumberException: java.lang.AssertionError
	at cucumber.api.testng.TestNGCucumberRunner.runCucumber(TestNGCucumberRunner.java:69)
	at cucumber.api.testng.AbstractTestNGCucumberTests.feature(AbstractTestNGCucumberTests.java:21)
Caused by: java.lang.AssertionError
	at org.junit.Assert.fail(Assert.java:86)
	at org.junit.Assert.assertTrue(Assert.java:41)
	at org.junit.Assert.assertTrue(Assert.java:52)
	at pageObject.DashBoardPagePO.verifyPage(DashBoardPagePO.java:43)
	at stepDefinition.DashBoardPage.user_is_on_Dashboard_page_with_title(DashBoardPage.java:35)
	at ✽.And User is on Dashboard page with title "Create Your Board | Trello"(TrelloCreateUser.feature:19)
... Removed 27 stack frames]]>
    </failure>
  </testcase> <!-- feature -->
</testsuite> <!-- Sample Test Cases -->
